#
# There is insufficient memory for the Java Runtime Environment to continue.
# Native memory allocation (malloc) failed to allocate 1892816 bytes for Chunk::new
# Possible reasons:
#   The system is out of physical RAM or swap space
#   The process is running with CompressedOops enabled, and the Java Heap may be blocking the growth of the native heap
# Possible solutions:
#   Reduce memory load on the system
#   Increase physical memory or swap space
#   Check if swap backing store is full
#   Decrease Java heap size (-Xmx/-Xms)
#   Decrease number of Java threads
#   Decrease Java thread stack sizes (-Xss)
#   Set larger code cache with -XX:ReservedCodeCacheSize=
#   JVM is running with Unscaled Compressed Oops mode in which the Java heap is
#     placed in the first 4GB address space. The Java Heap base address is the
#     maximum limit for the native heap growth. Please use -XX:HeapBaseMinAddress
#     to set the Java Heap base and to place the Java Heap above 4GB virtual address.
# This output file may be truncated or incomplete.
#
#  Out of Memory Error (./src/hotspot/share/memory/arena.cpp:197), pid=18808, tid=5332
#
# JRE version: OpenJDK Runtime Environment (11.0.12+7) (build 11.0.12+7-b1504.28-7817840)
# Java VM: OpenJDK 64-Bit Server VM (11.0.12+7-b1504.28-7817840, mixed mode, tiered, compressed oops, g1 gc, windows-amd64)
# No core dump will be written. Minidumps are not enabled by default on client versions of Windows
#

---------------  S U M M A R Y ------------

Command Line: --add-opens=java.base/java.util=ALL-UNNAMED --add-opens=java.base/java.lang=ALL-UNNAMED --add-opens=java.base/java.lang.invoke=ALL-UNNAMED --add-opens=java.base/java.util=ALL-UNNAMED --add-opens=java.prefs/java.util.prefs=ALL-UNNAMED --add-opens=java.prefs/java.util.prefs=ALL-UNNAMED --add-opens=java.base/java.nio.charset=ALL-UNNAMED --add-opens=java.base/java.net=ALL-UNNAMED --add-opens=java.base/java.util.concurrent.atomic=ALL-UNNAMED -Xmx2048m -Dfile.encoding=UTF-8 -Duser.country=ZA -Duser.language=en -Duser.variant org.gradle.launcher.daemon.bootstrap.GradleDaemon 7.3.3

Host: Intel(R) Core(TM) i5-8250U CPU @ 1.60GHz, 8 cores, 7G,  Windows 10 , 64 bit Build 19041 (10.0.19041.1889)
Time: Wed Nov  2 13:10:06 2022 South Africa Standard Time elapsed time: 17.239520 seconds (0d 0h 0m 17s)

---------------  T H R E A D  ---------------

Current thread (0x000002559d880000):  JavaThread "C2 CompilerThread1" daemon [_thread_in_native, id=5332, stack(0x000000b67b200000,0x000000b67b300000)]


Current CompileTask:
C2:  17239 5817   !   4       com.google.common.reflect.TypeVisitor::visit (244 bytes)

Stack: [0x000000b67b200000,0x000000b67b300000]
Native frames: (J=compiled Java code, j=interpreted, Vv=VM code, C=native code)
V  [jvm.dll+0x5fbcea]
V  [jvm.dll+0x731905]
V  [jvm.dll+0x732f1d]
V  [jvm.dll+0x7335d3]
V  [jvm.dll+0x247bf8]
V  [jvm.dll+0xc018c]
V  [jvm.dll+0xc06cc]
V  [jvm.dll+0x35b31d]
V  [jvm.dll+0x328803]
V  [jvm.dll+0x327cfa]
V  [jvm.dll+0x200602]
V  [jvm.dll+0x1ff794]
V  [jvm.dll+0x18868c]
V  [jvm.dll+0x20e0d7]
V  [jvm.dll+0x20c901]
V  [jvm.dll+0x6f9b7f]
V  [jvm.dll+0x6f26a5]
V  [jvm.dll+0x5fabf6]
C  [ucrtbase.dll+0x21bb2]
C  [KERNEL32.DLL+0x17034]
C  [ntdll.dll+0x526a1]


---------------  P R O C E S S  ---------------

Threads class SMR info:
_java_thread_list=0x0000025599f94b40, length=122, elements={
0x00000255fc52d000, 0x0000025597252000, 0x000002559725d800, 0x0000025597bd2800,
0x0000025597269800, 0x000002559726d000, 0x0000025597286000, 0x0000025597287000,
0x0000025597288800, 0x0000025597d2d000, 0x0000025597d29800, 0x0000025597d29000,
0x0000025597d2a800, 0x0000025597d2e000, 0x0000025597d2c000, 0x0000025597d2e800,
0x0000025597d2b800, 0x0000025597d2f800, 0x000002559abea000, 0x000002559abea800,
0x000002559abeb800, 0x000002559abed000, 0x000002559abec800, 0x000002559abee000,
0x000002559abe8000, 0x000002559abef000, 0x000002559abe9000, 0x000002559abef800,
0x000002559abf3000, 0x000002559abf2000, 0x000002559abf5800, 0x000002559abf0800,
0x000002559abf4800, 0x000002559abf1000, 0x000002559baa2800, 0x000002559baa4000,
0x000002559baa5000, 0x000002559baa1800, 0x000002559baa3000, 0x000002559baa5800,
0x000002559baa6800, 0x000002559baa1000, 0x000002559baad000, 0x000002559baa8000,
0x000002559baaa800, 0x000002559baab800, 0x000002559baac000, 0x000002559baa9000,
0x000002559baa7800, 0x000002559baae000, 0x000002559baae800, 0x000002559baaf800,
0x000002559baaa000, 0x0000025598171000, 0x000002559816d000, 0x000002559816e000,
0x000002559816f800, 0x000002559816e800, 0x0000025598170800, 0x0000025598172000,
0x000002559816c000, 0x0000025598178800, 0x0000025598175000, 0x0000025598172800,
0x0000025598177000, 0x0000025598177800, 0x0000025598174800, 0x0000025598179800,
0x0000025598176000, 0x0000025598173800, 0x000002559817a000, 0x000002559817b000,
0x000002559b2f7800, 0x000002559b2f8000, 0x000002559b2f5800, 0x000002559b2f9000,
0x000002559b2f3800, 0x000002559b2fa000, 0x000002559b2f6800, 0x000002559b2f4000,
0x000002559b2fa800, 0x000002559b2f5000, 0x000002559b2fc000, 0x000002559b301000,
0x000002559b300800, 0x000002559b2fe000, 0x000002559b2fd000, 0x000002559b2fe800,
0x000002559b2ff800, 0x000002559b2fb800, 0x000002559b302000, 0x000002559adc9800,
0x000002559adca000, 0x000002559adcb000, 0x000002559adcb800, 0x000002559adc7000,
0x000002559adc6000, 0x000002559adcc800, 0x000002559adcd800, 0x000002559adc7800,
0x000002559adce000, 0x000002559adc8800, 0x000002559add4800, 0x000002559add4000,
0x000002559add1800, 0x000002559adcf000, 0x000002559add0000, 0x000002559add3000,
0x000002559add0800, 0x000002559add2800, 0x000002559b166800, 0x000002559b16d000,
0x000002559b16a800, 0x000002559b167800, 0x000002559b16c800, 0x000002559b16e000,
0x000002559b16b800, 0x000002559b16a000, 0x000002559b168000, 0x000002559b16e800,
0x000002559b169000, 0x000002559d880000
}

Java Threads: ( => current thread )
  0x00000255fc52d000 JavaThread "main" [_thread_blocked, id=16692, stack(0x000000b672a00000,0x000000b672b00000)]
  0x0000025597252000 JavaThread "Reference Handler" daemon [_thread_blocked, id=8576, stack(0x000000b673100000,0x000000b673200000)]
  0x000002559725d800 JavaThread "Finalizer" daemon [_thread_blocked, id=17508, stack(0x000000b673200000,0x000000b673300000)]
  0x0000025597bd2800 JavaThread "Signal Dispatcher" daemon [_thread_blocked, id=16260, stack(0x000000b673300000,0x000000b673400000)]
  0x0000025597269800 JavaThread "Attach Listener" daemon [_thread_blocked, id=4816, stack(0x000000b673400000,0x000000b673500000)]
  0x000002559726d000 JavaThread "Service Thread" daemon [_thread_blocked, id=13252, stack(0x000000b673500000,0x000000b673600000)]
  0x0000025597286000 JavaThread "C2 CompilerThread0" daemon [_thread_in_native, id=2000, stack(0x000000b673600000,0x000000b673700000)]
  0x0000025597287000 JavaThread "C1 CompilerThread0" daemon [_thread_blocked, id=16644, stack(0x000000b673700000,0x000000b673800000)]
  0x0000025597288800 JavaThread "Sweeper thread" daemon [_thread_blocked, id=20136, stack(0x000000b673800000,0x000000b673900000)]
  0x0000025597d2d000 JavaThread "Common-Cleaner" daemon [_thread_blocked, id=5196, stack(0x000000b673900000,0x000000b673a00000)]
  0x0000025597d29800 JavaThread "Daemon health stats" [_thread_blocked, id=12816, stack(0x000000b673f00000,0x000000b674000000)]
  0x0000025597d29000 JavaThread "Incoming local TCP Connector on port 64337" [_thread_in_native, id=4100, stack(0x000000b673b00000,0x000000b673c00000)]
  0x0000025597d2a800 JavaThread "Daemon periodic checks" [_thread_blocked, id=18044, stack(0x000000b673c00000,0x000000b673d00000)]
  0x0000025597d2e000 JavaThread "Daemon" [_thread_blocked, id=10912, stack(0x000000b674000000,0x000000b674100000)]
  0x0000025597d2c000 JavaThread "Handler for socket connection from /127.0.0.1:64337 to /127.0.0.1:64339" [_thread_in_native, id=13300, stack(0x000000b674100000,0x000000b674200000)]
  0x0000025597d2e800 JavaThread "Cancel handler" [_thread_blocked, id=17856, stack(0x000000b674700000,0x000000b674800000)]
  0x0000025597d2b800 JavaThread "Daemon worker" [_thread_blocked, id=9152, stack(0x000000b674800000,0x000000b674900000)]
  0x0000025597d2f800 JavaThread "Asynchronous log dispatcher for DefaultDaemonConnection: socket connection from /127.0.0.1:64337 to /127.0.0.1:64339" [_thread_blocked, id=15716, stack(0x000000b674900000,0x000000b674a00000)]
  0x000002559abea000 JavaThread "Stdin handler" [_thread_blocked, id=14552, stack(0x000000b674a00000,0x000000b674b00000)]
  0x000002559abea800 JavaThread "Daemon client event forwarder" [_thread_blocked, id=19440, stack(0x000000b674b00000,0x000000b674c00000)]
  0x000002559abeb800 JavaThread "Cache worker for journal cache (C:\Users\young\.gradle\caches\journal-1)" [_thread_blocked, id=12204, stack(0x000000b674c00000,0x000000b674d00000)]
  0x000002559abed000 JavaThread "File lock request listener" [_thread_in_native, id=16816, stack(0x000000b674d00000,0x000000b674e00000)]
  0x000002559abec800 JavaThread "Cache worker for file hash cache (C:\Users\young\.gradle\caches\7.3.3\fileHashes)" [_thread_blocked, id=11464, stack(0x000000b674e00000,0x000000b674f00000)]
  0x000002559abee000 JavaThread "Cache worker for file hash cache (C:\Users\young\AndroidStudioProjects\Task1\.gradle\7.3.3\fileHashes)" [_thread_blocked, id=1916, stack(0x000000b675000000,0x000000b675100000)]
  0x000002559abe8000 JavaThread "File watcher server" daemon [_thread_in_native, id=15904, stack(0x000000b675200000,0x000000b675300000)]
  0x000002559abef000 JavaThread "File watcher consumer" daemon [_thread_blocked, id=11756, stack(0x000000b675300000,0x000000b675400000)]
  0x000002559abe9000 JavaThread "Cache worker for checksums cache (C:\Users\young\AndroidStudioProjects\Task1\.gradle\7.3.3\checksums)" [_thread_blocked, id=1208, stack(0x000000b675400000,0x000000b675500000)]
  0x000002559abef800 JavaThread "Cache worker for cache directory md-supplier (C:\Users\young\.gradle\caches\7.3.3\md-supplier)" [_thread_blocked, id=12844, stack(0x000000b675500000,0x000000b675600000)]
  0x000002559abf3000 JavaThread "Cache worker for cache directory md-rule (C:\Users\young\.gradle\caches\7.3.3\md-rule)" [_thread_blocked, id=18144, stack(0x000000b675600000,0x000000b675700000)]
  0x000002559abf2000 JavaThread "Cache worker for execution history cache (C:\Users\young\.gradle\caches\7.3.3\executionHistory)" [_thread_blocked, id=20168, stack(0x000000b675700000,0x000000b675800000)]
  0x000002559abf5800 JavaThread "jar transforms" [_thread_blocked, id=9128, stack(0x000000b675800000,0x000000b675900000)]
  0x000002559abf0800 JavaThread "Cache worker for file content cache (C:\Users\young\.gradle\caches\7.3.3\fileContent)" [_thread_blocked, id=17048, stack(0x000000b675900000,0x000000b675a00000)]
  0x000002559abf4800 JavaThread "jar transforms Thread 2" [_thread_blocked, id=17128, stack(0x000000b675a00000,0x000000b675b00000)]
  0x000002559abf1000 JavaThread "Cache worker for dependencies-accessors (C:\Users\young\AndroidStudioProjects\Task1\.gradle\7.3.3\dependencies-accessors)" [_thread_blocked, id=7404, stack(0x000000b675b00000,0x000000b675c00000)]
  0x000002559baa2800 JavaThread "jar transforms Thread 3" [_thread_blocked, id=15860, stack(0x000000b675c00000,0x000000b675d00000)]
  0x000002559baa4000 JavaThread "Cache worker for Build Output Cleanup Cache (C:\Users\young\AndroidStudioProjects\Task1\.gradle\buildOutputCleanup)" [_thread_blocked, id=20096, stack(0x000000b675100000,0x000000b675200000)]
  0x000002559baa5000 JavaThread "Unconstrained build operations" [_thread_blocked, id=13436, stack(0x000000b675d00000,0x000000b675e00000)]
  0x000002559baa1800 JavaThread "Unconstrained build operations Thread 2" [_thread_blocked, id=17812, stack(0x000000b675e00000,0x000000b675f00000)]
  0x000002559baa3000 JavaThread "Unconstrained build operations Thread 3" [_thread_blocked, id=8184, stack(0x000000b675f00000,0x000000b676000000)]
  0x000002559baa5800 JavaThread "Unconstrained build operations Thread 4" [_thread_blocked, id=1172, stack(0x000000b676000000,0x000000b676100000)]
  0x000002559baa6800 JavaThread "Unconstrained build operations Thread 5" [_thread_blocked, id=3408, stack(0x000000b676100000,0x000000b676200000)]
  0x000002559baa1000 JavaThread "Unconstrained build operations Thread 6" [_thread_blocked, id=10920, stack(0x000000b676200000,0x000000b676300000)]
  0x000002559baad000 JavaThread "Unconstrained build operations Thread 7" [_thread_blocked, id=8536, stack(0x000000b676300000,0x000000b676400000)]
  0x000002559baa8000 JavaThread "Unconstrained build operations Thread 8" [_thread_blocked, id=18748, stack(0x000000b676400000,0x000000b676500000)]
  0x000002559baaa800 JavaThread "Unconstrained build operations Thread 9" [_thread_blocked, id=4992, stack(0x000000b676500000,0x000000b676600000)]
  0x000002559baab800 JavaThread "Unconstrained build operations Thread 10" [_thread_blocked, id=8292, stack(0x000000b676600000,0x000000b676700000)]
  0x000002559baac000 JavaThread "Unconstrained build operations Thread 11" [_thread_blocked, id=16308, stack(0x000000b676700000,0x000000b676800000)]
  0x000002559baa9000 JavaThread "Unconstrained build operations Thread 12" [_thread_blocked, id=7768, stack(0x000000b676800000,0x000000b676900000)]
  0x000002559baa7800 JavaThread "Unconstrained build operations Thread 13" [_thread_blocked, id=3288, stack(0x000000b676900000,0x000000b676a00000)]
  0x000002559baae000 JavaThread "Unconstrained build operations Thread 14" [_thread_blocked, id=9096, stack(0x000000b676a00000,0x000000b676b00000)]
  0x000002559baae800 JavaThread "Unconstrained build operations Thread 15" [_thread_blocked, id=3292, stack(0x000000b676b00000,0x000000b676c00000)]
  0x000002559baaf800 JavaThread "Unconstrained build operations Thread 16" [_thread_blocked, id=7364, stack(0x000000b676c00000,0x000000b676d00000)]
  0x000002559baaa000 JavaThread "Unconstrained build operations Thread 17" [_thread_blocked, id=14444, stack(0x000000b676d00000,0x000000b676e00000)]
  0x0000025598171000 JavaThread "Unconstrained build operations Thread 18" [_thread_blocked, id=15440, stack(0x000000b676e00000,0x000000b676f00000)]
  0x000002559816d000 JavaThread "Unconstrained build operations Thread 19" [_thread_blocked, id=10548, stack(0x000000b676f00000,0x000000b677000000)]
  0x000002559816e000 JavaThread "Unconstrained build operations Thread 20" [_thread_blocked, id=18876, stack(0x000000b677000000,0x000000b677100000)]
  0x000002559816f800 JavaThread "Unconstrained build operations Thread 21" [_thread_blocked, id=13612, stack(0x000000b677100000,0x000000b677200000)]
  0x000002559816e800 JavaThread "Unconstrained build operations Thread 22" [_thread_blocked, id=13720, stack(0x000000b677200000,0x000000b677300000)]
  0x0000025598170800 JavaThread "Unconstrained build operations Thread 23" [_thread_blocked, id=5212, stack(0x000000b677300000,0x000000b677400000)]
  0x0000025598172000 JavaThread "Unconstrained build operations Thread 24" [_thread_blocked, id=3952, stack(0x000000b677400000,0x000000b677500000)]
  0x000002559816c000 JavaThread "Unconstrained build operations Thread 25" [_thread_blocked, id=9796, stack(0x000000b677500000,0x000000b677600000)]
  0x0000025598178800 JavaThread "Unconstrained build operations Thread 26" [_thread_blocked, id=15920, stack(0x000000b677600000,0x000000b677700000)]
  0x0000025598175000 JavaThread "Unconstrained build operations Thread 27" [_thread_blocked, id=18568, stack(0x000000b677700000,0x000000b677800000)]
  0x0000025598172800 JavaThread "Unconstrained build operations Thread 28" [_thread_blocked, id=280, stack(0x000000b677800000,0x000000b677900000)]
  0x0000025598177000 JavaThread "Unconstrained build operations Thread 29" [_thread_blocked, id=8660, stack(0x000000b677900000,0x000000b677a00000)]
  0x0000025598177800 JavaThread "Unconstrained build operations Thread 30" [_thread_blocked, id=15612, stack(0x000000b677a00000,0x000000b677b00000)]
  0x0000025598174800 JavaThread "Unconstrained build operations Thread 31" [_thread_blocked, id=6308, stack(0x000000b677b00000,0x000000b677c00000)]
  0x0000025598179800 JavaThread "Unconstrained build operations Thread 32" [_thread_blocked, id=1044, stack(0x000000b677c00000,0x000000b677d00000)]
  0x0000025598176000 JavaThread "Unconstrained build operations Thread 33" [_thread_blocked, id=11512, stack(0x000000b677d00000,0x000000b677e00000)]
  0x0000025598173800 JavaThread "Unconstrained build operations Thread 34" [_thread_blocked, id=6288, stack(0x000000b677e00000,0x000000b677f00000)]
  0x000002559817a000 JavaThread "Unconstrained build operations Thread 35" [_thread_blocked, id=19400, stack(0x000000b677f00000,0x000000b678000000)]
  0x000002559817b000 JavaThread "Unconstrained build operations Thread 36" [_thread_blocked, id=18320, stack(0x000000b678000000,0x000000b678100000)]
  0x000002559b2f7800 JavaThread "Unconstrained build operations Thread 37" [_thread_blocked, id=2284, stack(0x000000b678100000,0x000000b678200000)]
  0x000002559b2f8000 JavaThread "Unconstrained build operations Thread 38" [_thread_blocked, id=16636, stack(0x000000b678200000,0x000000b678300000)]
  0x000002559b2f5800 JavaThread "Unconstrained build operations Thread 39" [_thread_blocked, id=10640, stack(0x000000b678300000,0x000000b678400000)]
  0x000002559b2f9000 JavaThread "Unconstrained build operations Thread 40" [_thread_blocked, id=12884, stack(0x000000b678400000,0x000000b678500000)]
  0x000002559b2f3800 JavaThread "Unconstrained build operations Thread 41" [_thread_blocked, id=1504, stack(0x000000b678500000,0x000000b678600000)]
  0x000002559b2fa000 JavaThread "Unconstrained build operations Thread 42" [_thread_blocked, id=9560, stack(0x000000b678600000,0x000000b678700000)]
  0x000002559b2f6800 JavaThread "Unconstrained build operations Thread 43" [_thread_blocked, id=2156, stack(0x000000b678700000,0x000000b678800000)]
  0x000002559b2f4000 JavaThread "Unconstrained build operations Thread 44" [_thread_blocked, id=10280, stack(0x000000b678800000,0x000000b678900000)]
  0x000002559b2fa800 JavaThread "Unconstrained build operations Thread 45" [_thread_blocked, id=12772, stack(0x000000b678900000,0x000000b678a00000)]
  0x000002559b2f5000 JavaThread "Unconstrained build operations Thread 46" [_thread_blocked, id=2920, stack(0x000000b678a00000,0x000000b678b00000)]
  0x000002559b2fc000 JavaThread "Unconstrained build operations Thread 47" [_thread_blocked, id=1292, stack(0x000000b678b00000,0x000000b678c00000)]
  0x000002559b301000 JavaThread "Unconstrained build operations Thread 48" [_thread_blocked, id=5796, stack(0x000000b678c00000,0x000000b678d00000)]
  0x000002559b300800 JavaThread "Unconstrained build operations Thread 49" [_thread_blocked, id=2124, stack(0x000000b678d00000,0x000000b678e00000)]
  0x000002559b2fe000 JavaThread "Unconstrained build operations Thread 50" [_thread_blocked, id=10840, stack(0x000000b678e00000,0x000000b678f00000)]
  0x000002559b2fd000 JavaThread "Unconstrained build operations Thread 51" [_thread_blocked, id=9844, stack(0x000000b678f00000,0x000000b679000000)]
  0x000002559b2fe800 JavaThread "Unconstrained build operations Thread 52" [_thread_blocked, id=18064, stack(0x000000b679000000,0x000000b679100000)]
  0x000002559b2ff800 JavaThread "Unconstrained build operations Thread 53" [_thread_blocked, id=17916, stack(0x000000b679100000,0x000000b679200000)]
  0x000002559b2fb800 JavaThread "Unconstrained build operations Thread 54" [_thread_blocked, id=10492, stack(0x000000b679200000,0x000000b679300000)]
  0x000002559b302000 JavaThread "Unconstrained build operations Thread 55" [_thread_blocked, id=9408, stack(0x000000b679300000,0x000000b679400000)]
  0x000002559adc9800 JavaThread "Unconstrained build operations Thread 56" [_thread_blocked, id=17536, stack(0x000000b679400000,0x000000b679500000)]
  0x000002559adca000 JavaThread "Unconstrained build operations Thread 57" [_thread_blocked, id=9004, stack(0x000000b679500000,0x000000b679600000)]
  0x000002559adcb000 JavaThread "Unconstrained build operations Thread 58" [_thread_blocked, id=2556, stack(0x000000b679600000,0x000000b679700000)]
  0x000002559adcb800 JavaThread "Unconstrained build operations Thread 59" [_thread_blocked, id=10064, stack(0x000000b679700000,0x000000b679800000)]
  0x000002559adc7000 JavaThread "Unconstrained build operations Thread 60" [_thread_blocked, id=14132, stack(0x000000b679800000,0x000000b679900000)]
  0x000002559adc6000 JavaThread "Unconstrained build operations Thread 61" [_thread_blocked, id=6268, stack(0x000000b679900000,0x000000b679a00000)]
  0x000002559adcc800 JavaThread "Unconstrained build operations Thread 62" [_thread_blocked, id=17152, stack(0x000000b679a00000,0x000000b679b00000)]
  0x000002559adcd800 JavaThread "Unconstrained build operations Thread 63" [_thread_blocked, id=11460, stack(0x000000b679b00000,0x000000b679c00000)]
  0x000002559adc7800 JavaThread "Unconstrained build operations Thread 64" [_thread_blocked, id=8592, stack(0x000000b679c00000,0x000000b679d00000)]
  0x000002559adce000 JavaThread "Unconstrained build operations Thread 65" [_thread_blocked, id=10124, stack(0x000000b679d00000,0x000000b679e00000)]
  0x000002559adc8800 JavaThread "Unconstrained build operations Thread 66" [_thread_blocked, id=13504, stack(0x000000b679e00000,0x000000b679f00000)]
  0x000002559add4800 JavaThread "Unconstrained build operations Thread 67" [_thread_blocked, id=288, stack(0x000000b679f00000,0x000000b67a000000)]
  0x000002559add4000 JavaThread "Unconstrained build operations Thread 68" [_thread_blocked, id=5548, stack(0x000000b67a000000,0x000000b67a100000)]
  0x000002559add1800 JavaThread "Unconstrained build operations Thread 69" [_thread_blocked, id=16460, stack(0x000000b67a100000,0x000000b67a200000)]
  0x000002559adcf000 JavaThread "Unconstrained build operations Thread 70" [_thread_blocked, id=14356, stack(0x000000b67a200000,0x000000b67a300000)]
  0x000002559add0000 JavaThread "Unconstrained build operations Thread 71" [_thread_blocked, id=10532, stack(0x000000b67a300000,0x000000b67a400000)]
  0x000002559add3000 JavaThread "Unconstrained build operations Thread 72" [_thread_blocked, id=18476, stack(0x000000b67a400000,0x000000b67a500000)]
  0x000002559add0800 JavaThread "Unconstrained build operations Thread 73" [_thread_blocked, id=10960, stack(0x000000b67a500000,0x000000b67a600000)]
  0x000002559add2800 JavaThread "Unconstrained build operations Thread 74" [_thread_blocked, id=8076, stack(0x000000b67a600000,0x000000b67a700000)]
  0x000002559b166800 JavaThread "Unconstrained build operations Thread 75" [_thread_blocked, id=16668, stack(0x000000b67a700000,0x000000b67a800000)]
  0x000002559b16d000 JavaThread "Unconstrained build operations Thread 76" [_thread_blocked, id=11624, stack(0x000000b67a800000,0x000000b67a900000)]
  0x000002559b16a800 JavaThread "Unconstrained build operations Thread 77" [_thread_blocked, id=18260, stack(0x000000b67a900000,0x000000b67aa00000)]
  0x000002559b167800 JavaThread "Unconstrained build operations Thread 78" [_thread_blocked, id=9656, stack(0x000000b67aa00000,0x000000b67ab00000)]
  0x000002559b16c800 JavaThread "Unconstrained build operations Thread 79" [_thread_blocked, id=13060, stack(0x000000b67ab00000,0x000000b67ac00000)]
  0x000002559b16e000 JavaThread "Unconstrained build operations Thread 80" [_thread_blocked, id=7964, stack(0x000000b67ac00000,0x000000b67ad00000)]
  0x000002559b16b800 JavaThread "jar transforms Thread 4" [_thread_blocked, id=8532, stack(0x000000b67ad00000,0x000000b67ae00000)]
  0x000002559b16a000 JavaThread "jar transforms Thread 5" [_thread_blocked, id=15688, stack(0x000000b67ae00000,0x000000b67af00000)]
  0x000002559b168000 JavaThread "jar transforms Thread 6" [_thread_blocked, id=2708, stack(0x000000b67af00000,0x000000b67b000000)]
  0x000002559b16e800 JavaThread "jar transforms Thread 7" [_thread_blocked, id=1712, stack(0x000000b67b000000,0x000000b67b100000)]
  0x000002559b169000 JavaThread "jar transforms Thread 8" [_thread_blocked, id=20280, stack(0x000000b67b100000,0x000000b67b200000)]
=>0x000002559d880000 JavaThread "C2 CompilerThread1" daemon [_thread_in_native, id=5332, stack(0x000000b67b200000,0x000000b67b300000)]

Other Threads:
  0x000002559724e800 VMThread "VM Thread" [stack: 0x000000b673000000,0x000000b673100000] [id=10860]
  0x0000025597d4e000 WatcherThread [stack: 0x000000b673a00000,0x000000b673b00000] [id=1684]
  0x00000255fc543800 GCTaskThread "GC Thread#0" [stack: 0x000000b672b00000,0x000000b672c00000] [id=15888]
  0x0000025599490800 GCTaskThread "GC Thread#1" [stack: 0x000000b673d00000,0x000000b673e00000] [id=12152]
  0x0000025598aba000 GCTaskThread "GC Thread#2" [stack: 0x000000b673e00000,0x000000b673f00000] [id=2888]
  0x0000025599c4f000 GCTaskThread "GC Thread#3" [stack: 0x000000b674200000,0x000000b674300000] [id=1004]
  0x0000025598660800 GCTaskThread "GC Thread#4" [stack: 0x000000b674300000,0x000000b674400000] [id=16124]
  0x00000255981a8800 GCTaskThread "GC Thread#5" [stack: 0x000000b674400000,0x000000b674500000] [id=12332]
  0x000002559a286800 GCTaskThread "GC Thread#6" [stack: 0x000000b674500000,0x000000b674600000] [id=11388]
  0x0000025599df9000 GCTaskThread "GC Thread#7" [stack: 0x000000b674600000,0x000000b674700000] [id=18120]
  0x00000255fc577800 ConcurrentGCThread "G1 Main Marker" [stack: 0x000000b672c00000,0x000000b672d00000] [id=10800]
  0x00000255fc57b000 ConcurrentGCThread "G1 Conc#0" [stack: 0x000000b672d00000,0x000000b672e00000] [id=18508]
  0x000002559a5d0800 ConcurrentGCThread "G1 Conc#1" [stack: 0x000000b674f00000,0x000000b675000000] [id=1896]
  0x00000255970a0800 ConcurrentGCThread "G1 Refine#0" [stack: 0x000000b672e00000,0x000000b672f00000] [id=10072]
  0x00000255970a1800 ConcurrentGCThread "G1 Young RemSet Sampling" [stack: 0x000000b672f00000,0x000000b673000000] [id=18256]

Threads with active compile tasks:
C2 CompilerThread0  17311 5758       4       org.objectweb.asm.Frame::execute (2318 bytes)
C2 CompilerThread1  17311 5817   !   4       com.google.common.reflect.TypeVisitor::visit (244 bytes)

VM state:at safepoint (normal execution)

VM Mutex/Monitor currently owned by a thread:  ([mutex/lock_event])
[0x00000255fc528810] Threads_lock - owner thread: 0x000002559724e800
[0x00000255fc528300] Heap_lock - owner thread: 0x0000025597d2b800

Heap address: 0x0000000080000000, size: 2048 MB, Compressed Oops mode: 32-bit
Narrow klass base: 0x0000000000000000, Narrow klass shift: 3
Compressed class space size: 1073741824 Address: 0x0000000100000000

Heap:
 garbage-first heap   total 189440K, used 51998K [0x0000000080000000, 0x0000000100000000)
  region size 1024K, 1 young (1024K), 1 survivors (1024K)
 Metaspace       used 58456K, capacity 59873K, committed 59948K, reserved 1101824K
  class space    used 7452K, capacity 8035K, committed 8064K, reserved 1048576K
Heap Regions: E=young(eden), S=young(survivor), O=old, HS=humongous(starts), HC=humongous(continues), CS=collection set, F=free, A=archive, TAMS=top-at-mark-start (previous, next)
|   0|0x0000000080000000, 0x0000000080100000, 0x0000000080100000|100%| O|  |TAMS 0x0000000080100000, 0x0000000080100000| Untracked 
|   1|0x0000000080100000, 0x0000000080200000, 0x0000000080200000|100%| O|  |TAMS 0x0000000080200000, 0x0000000080200000| Untracked 
|   2|0x0000000080200000, 0x0000000080300000, 0x0000000080300000|100%| O|  |TAMS 0x0000000080300000, 0x0000000080300000| Untracked 
|   3|0x0000000080300000, 0x0000000080400000, 0x0000000080400000|100%|HS|  |TAMS 0x0000000080400000, 0x0000000080400000| Complete 
|   4|0x0000000080400000, 0x0000000080500000, 0x0000000080500000|100%|HC|  |TAMS 0x0000000080500000, 0x0000000080500000| Complete 
|   5|0x0000000080500000, 0x0000000080600000, 0x0000000080600000|100%|HC|  |TAMS 0x0000000080600000, 0x0000000080600000| Complete 
|   6|0x0000000080600000, 0x0000000080700000, 0x0000000080700000|100%| O|  |TAMS 0x0000000080700000, 0x0000000080700000| Untracked 
|   7|0x0000000080700000, 0x0000000080800000, 0x0000000080800000|100%| O|  |TAMS 0x0000000080800000, 0x0000000080800000| Untracked 
|   8|0x0000000080800000, 0x0000000080900000, 0x0000000080900000|100%| O|  |TAMS 0x0000000080900000, 0x0000000080900000| Untracked 
|   9|0x0000000080900000, 0x0000000080a00000, 0x0000000080a00000|100%| O|  |TAMS 0x0000000080a00000, 0x0000000080a00000| Untracked 
|  10|0x0000000080a00000, 0x0000000080b00000, 0x0000000080b00000|100%| O|  |TAMS 0x0000000080b00000, 0x0000000080b00000| Untracked 
|  11|0x0000000080b00000, 0x0000000080c00000, 0x0000000080c00000|100%| O|  |TAMS 0x0000000080c00000, 0x0000000080c00000| Untracked 
|  12|0x0000000080c00000, 0x0000000080d00000, 0x0000000080d00000|100%| O|  |TAMS 0x0000000080d00000, 0x0000000080d00000| Untracked 
|  13|0x0000000080d00000, 0x0000000080e00000, 0x0000000080e00000|100%| O|  |TAMS 0x0000000080e00000, 0x0000000080e00000| Untracked 
|  14|0x0000000080e00000, 0x0000000080f00000, 0x0000000080f00000|100%| O|  |TAMS 0x0000000080f00000, 0x0000000080f00000| Untracked 
|  15|0x0000000080f00000, 0x0000000081000000, 0x0000000081000000|100%| O|  |TAMS 0x0000000081000000, 0x0000000081000000| Untracked 
|  16|0x0000000081000000, 0x0000000081100000, 0x0000000081100000|100%| O|  |TAMS 0x0000000081081200, 0x0000000081100000| Untracked 
|  17|0x0000000081100000, 0x0000000081200000, 0x0000000081200000|100%|HS|  |TAMS 0x0000000081100000, 0x0000000081200000| Complete 
|  18|0x0000000081200000, 0x0000000081300000, 0x0000000081300000|100%| O|  |TAMS 0x0000000081200000, 0x0000000081300000| Untracked 
|  19|0x0000000081300000, 0x0000000081400000, 0x0000000081400000|100%| O|  |TAMS 0x0000000081300000, 0x0000000081400000| Untracked 
|  20|0x0000000081400000, 0x0000000081500000, 0x0000000081500000|100%| O|  |TAMS 0x0000000081400000, 0x0000000081500000| Untracked 
|  21|0x0000000081500000, 0x0000000081600000, 0x0000000081600000|100%| O|  |TAMS 0x0000000081500000, 0x0000000081600000| Untracked 
|  22|0x0000000081600000, 0x0000000081700000, 0x0000000081700000|100%| O|  |TAMS 0x0000000081600000, 0x0000000081700000| Untracked 
|  23|0x0000000081700000, 0x0000000081800000, 0x0000000081800000|100%|HS|  |TAMS 0x0000000081700000, 0x0000000081800000| Complete 
|  24|0x0000000081800000, 0x0000000081900000, 0x0000000081900000|100%|HS|  |TAMS 0x0000000081800000, 0x0000000081900000| Complete 
|  25|0x0000000081900000, 0x0000000081a00000, 0x0000000081a00000|100%|HS|  |TAMS 0x0000000081900000, 0x0000000081a00000| Complete 
|  26|0x0000000081a00000, 0x0000000081b00000, 0x0000000081b00000|100%|HC|  |TAMS 0x0000000081a00000, 0x0000000081b00000| Complete 
|  27|0x0000000081b00000, 0x0000000081c00000, 0x0000000081c00000|100%|HC|  |TAMS 0x0000000081b00000, 0x0000000081c00000| Complete 
|  28|0x0000000081c00000, 0x0000000081d00000, 0x0000000081d00000|100%| O|  |TAMS 0x0000000081c00000, 0x0000000081d00000| Untracked 
|  29|0x0000000081d00000, 0x0000000081e00000, 0x0000000081e00000|100%| O|  |TAMS 0x0000000081d00000, 0x0000000081e00000| Untracked 
|  30|0x0000000081e00000, 0x0000000081f00000, 0x0000000081f00000|100%| O|  |TAMS 0x0000000081e00000, 0x0000000081f00000| Untracked 
|  31|0x0000000081f00000, 0x0000000082000000, 0x0000000082000000|100%| O|  |TAMS 0x0000000081f00000, 0x0000000082000000| Untracked 
|  32|0x0000000082000000, 0x0000000082100000, 0x0000000082100000|100%|HS|  |TAMS 0x0000000082000000, 0x0000000082100000| Complete 
|  33|0x0000000082100000, 0x0000000082200000, 0x0000000082200000|100%|HC|  |TAMS 0x0000000082100000, 0x0000000082200000| Complete 
|  34|0x0000000082200000, 0x0000000082300000, 0x0000000082300000|100%| O|  |TAMS 0x0000000082200000, 0x0000000082300000| Untracked 
|  35|0x0000000082300000, 0x0000000082400000, 0x0000000082400000|100%| O|  |TAMS 0x0000000082300000, 0x0000000082400000| Untracked 
|  36|0x0000000082400000, 0x0000000082500000, 0x0000000082500000|100%| O|  |TAMS 0x0000000082400000, 0x0000000082500000| Untracked 
|  37|0x0000000082500000, 0x0000000082600000, 0x0000000082600000|100%| O|  |TAMS 0x0000000082500000, 0x0000000082600000| Untracked 
|  38|0x0000000082600000, 0x0000000082700000, 0x0000000082700000|100%| O|  |TAMS 0x0000000082600000, 0x0000000082700000| Untracked 
|  39|0x0000000082700000, 0x0000000082800000, 0x0000000082800000|100%| O|  |TAMS 0x0000000082700000, 0x0000000082800000| Untracked 
|  40|0x0000000082800000, 0x0000000082900000, 0x0000000082900000|100%| O|  |TAMS 0x0000000082800000, 0x0000000082900000| Untracked 
|  41|0x0000000082900000, 0x0000000082a00000, 0x0000000082a00000|100%| O|  |TAMS 0x0000000082900000, 0x0000000082a00000| Untracked 
|  42|0x0000000082a00000, 0x0000000082b00000, 0x0000000082b00000|100%| O|  |TAMS 0x0000000082a00000, 0x0000000082b00000| Untracked 
|  43|0x0000000082b00000, 0x0000000082c00000, 0x0000000082c00000|100%| O|  |TAMS 0x0000000082b00000, 0x0000000082c00000| Untracked 
|  44|0x0000000082c00000, 0x0000000082d00000, 0x0000000082d00000|100%| O|  |TAMS 0x0000000082c00000, 0x0000000082d00000| Untracked 
|  45|0x0000000082d00000, 0x0000000082e00000, 0x0000000082e00000|100%| O|  |TAMS 0x0000000082d00000, 0x0000000082e00000| Untracked 
|  46|0x0000000082e00000, 0x0000000082f00000, 0x0000000082f00000|100%| O|  |TAMS 0x0000000082e00000, 0x0000000082f00000| Untracked 
|  47|0x0000000082f00000, 0x0000000083000000, 0x0000000083000000|100%| O|  |TAMS 0x0000000082f00000, 0x0000000083000000| Untracked 
|  48|0x0000000083000000, 0x0000000083100000, 0x0000000083100000|100%| O|  |TAMS 0x0000000083000000, 0x0000000083100000| Untracked 
|  49|0x0000000083100000, 0x00000000831c7a00, 0x0000000083200000| 77%| O|  |TAMS 0x0000000083100000, 0x00000000831c7a00| Untracked 
|  50|0x0000000083200000, 0x0000000083200000, 0x0000000083300000|  0%| F|  |TAMS 0x0000000083200000, 0x0000000083200000| Untracked 
|  51|0x0000000083300000, 0x0000000083300000, 0x0000000083400000|  0%| F|  |TAMS 0x0000000083300000, 0x0000000083300000| Untracked 
|  52|0x0000000083400000, 0x0000000083400000, 0x0000000083500000|  0%| F|  |TAMS 0x0000000083400000, 0x0000000083400000| Untracked 
|  53|0x0000000083500000, 0x0000000083500000, 0x0000000083600000|  0%| F|  |TAMS 0x0000000083500000, 0x0000000083500000| Untracked 
|  54|0x0000000083600000, 0x0000000083600000, 0x0000000083700000|  0%| F|  |TAMS 0x0000000083600000, 0x0000000083600000| Untracked 
|  55|0x0000000083700000, 0x0000000083700000, 0x0000000083800000|  0%| F|  |TAMS 0x0000000083700000, 0x0000000083700000| Untracked 
|  56|0x0000000083800000, 0x0000000083800000, 0x0000000083900000|  0%| F|  |TAMS 0x0000000083800000, 0x0000000083800000| Untracked 
|  57|0x0000000083900000, 0x0000000083900000, 0x0000000083a00000|  0%| F|  |TAMS 0x0000000083900000, 0x0000000083900000| Untracked 
|  58|0x0000000083a00000, 0x0000000083a00000, 0x0000000083b00000|  0%| F|  |TAMS 0x0000000083a00000, 0x0000000083a00000| Untracked 
|  59|0x0000000083b00000, 0x0000000083b00000, 0x0000000083c00000|  0%| F|  |TAMS 0x0000000083b00000, 0x0000000083b00000| Untracked 
|  60|0x0000000083c00000, 0x0000000083c00000, 0x0000000083d00000|  0%| F|  |TAMS 0x0000000083c00000, 0x0000000083c00000| Untracked 
|  61|0x0000000083d00000, 0x0000000083d00000, 0x0000000083e00000|  0%| F|  |TAMS 0x0000000083d00000, 0x0000000083d00000| Untracked 
|  62|0x0000000083e00000, 0x0000000083e00000, 0x0000000083f00000|  0%| F|  |TAMS 0x0000000083e00000, 0x0000000083e00000| Untracked 
|  63|0x0000000083f00000, 0x0000000083f00000, 0x0000000084000000|  0%| F|  |TAMS 0x0000000083f00000, 0x0000000083f00000| Untracked 
|  64|0x0000000084000000, 0x0000000084000000, 0x0000000084100000|  0%| F|  |TAMS 0x0000000084000000, 0x0000000084000000| Untracked 
|  65|0x0000000084100000, 0x0000000084100000, 0x0000000084200000|  0%| F|  |TAMS 0x0000000084100000, 0x0000000084100000| Untracked 
|  66|0x0000000084200000, 0x0000000084200000, 0x0000000084300000|  0%| F|  |TAMS 0x0000000084200000, 0x0000000084200000| Untracked 
|  67|0x0000000084300000, 0x0000000084300000, 0x0000000084400000|  0%| F|  |TAMS 0x0000000084300000, 0x0000000084300000| Untracked 
|  68|0x0000000084400000, 0x0000000084400000, 0x0000000084500000|  0%| F|  |TAMS 0x0000000084400000, 0x0000000084400000| Untracked 
|  69|0x0000000084500000, 0x0000000084500000, 0x0000000084600000|  0%| F|  |TAMS 0x0000000084500000, 0x0000000084500000| Untracked 
|  70|0x0000000084600000, 0x0000000084600000, 0x0000000084700000|  0%| F|  |TAMS 0x0000000084600000, 0x0000000084600000| Untracked 
|  71|0x0000000084700000, 0x0000000084700000, 0x0000000084800000|  0%| F|  |TAMS 0x0000000084700000, 0x0000000084700000| Untracked 
|  72|0x0000000084800000, 0x0000000084800000, 0x0000000084900000|  0%| F|  |TAMS 0x0000000084800000, 0x0000000084800000| Untracked 
|  73|0x0000000084900000, 0x0000000084900000, 0x0000000084a00000|  0%| F|  |TAMS 0x0000000084900000, 0x0000000084900000| Untracked 
|  74|0x0000000084a00000, 0x0000000084a00000, 0x0000000084b00000|  0%| F|  |TAMS 0x0000000084a00000, 0x0000000084a00000| Untracked 
|  75|0x0000000084b00000, 0x0000000084b00000, 0x0000000084c00000|  0%| F|  |TAMS 0x0000000084b00000, 0x0000000084b00000| Untracked 
|  76|0x0000000084c00000, 0x0000000084c00000, 0x0000000084d00000|  0%| F|  |TAMS 0x0000000084c00000, 0x0000000084c00000| Untracked 
|  77|0x0000000084d00000, 0x0000000084d00000, 0x0000000084e00000|  0%| F|  |TAMS 0x0000000084d00000, 0x0000000084d00000| Untracked 
|  78|0x0000000084e00000, 0x0000000084e00000, 0x0000000084f00000|  0%| F|  |TAMS 0x0000000084e00000, 0x0000000084e00000| Untracked 
|  79|0x0000000084f00000, 0x0000000084f00000, 0x0000000085000000|  0%| F|  |TAMS 0x0000000084f00000, 0x0000000084f00000| Untracked 
|  80|0x0000000085000000, 0x0000000085000000, 0x0000000085100000|  0%| F|  |TAMS 0x0000000085000000, 0x0000000085000000| Untracked 
|  81|0x0000000085100000, 0x0000000085100000, 0x0000000085200000|  0%| F|  |TAMS 0x0000000085100000, 0x0000000085100000| Untracked 
|  82|0x0000000085200000, 0x0000000085200000, 0x0000000085300000|  0%| F|  |TAMS 0x0000000085200000, 0x0000000085200000| Untracked 
|  83|0x0000000085300000, 0x0000000085300000, 0x0000000085400000|  0%| F|  |TAMS 0x0000000085300000, 0x0000000085300000| Untracked 
|  84|0x0000000085400000, 0x0000000085400000, 0x0000000085500000|  0%| F|  |TAMS 0x0000000085400000, 0x0000000085400000| Untracked 
|  85|0x0000000085500000, 0x0000000085500000, 0x0000000085600000|  0%| F|  |TAMS 0x0000000085500000, 0x0000000085500000| Untracked 
|  86|0x0000000085600000, 0x0000000085600000, 0x0000000085700000|  0%| F|  |TAMS 0x0000000085600000, 0x0000000085600000| Untracked 
|  87|0x0000000085700000, 0x0000000085700000, 0x0000000085800000|  0%| F|  |TAMS 0x0000000085700000, 0x0000000085700000| Untracked 
|  88|0x0000000085800000, 0x0000000085800000, 0x0000000085900000|  0%| F|  |TAMS 0x0000000085800000, 0x0000000085800000| Untracked 
|  89|0x0000000085900000, 0x0000000085900000, 0x0000000085a00000|  0%| F|  |TAMS 0x0000000085900000, 0x0000000085900000| Untracked 
|  90|0x0000000085a00000, 0x0000000085a00000, 0x0000000085b00000|  0%| F|  |TAMS 0x0000000085a00000, 0x0000000085a00000| Untracked 
|  91|0x0000000085b00000, 0x0000000085b00000, 0x0000000085c00000|  0%| F|  |TAMS 0x0000000085b00000, 0x0000000085b00000| Untracked 
|  92|0x0000000085c00000, 0x0000000085c00000, 0x0000000085d00000|  0%| F|  |TAMS 0x0000000085c00000, 0x0000000085c00000| Untracked 
|  93|0x0000000085d00000, 0x0000000085d00000, 0x0000000085e00000|  0%| F|  |TAMS 0x0000000085d00000, 0x0000000085d00000| Untracked 
|  94|0x0000000085e00000, 0x0000000085e00000, 0x0000000085f00000|  0%| F|  |TAMS 0x0000000085e00000, 0x0000000085e00000| Untracked 
|  95|0x0000000085f00000, 0x0000000085f00000, 0x0000000086000000|  0%| F|  |TAMS 0x0000000085f00000, 0x0000000085f00000| Untracked 
|  96|0x0000000086000000, 0x0000000086000000, 0x0000000086100000|  0%| F|  |TAMS 0x0000000086000000, 0x0000000086000000| Untracked 
|  97|0x0000000086100000, 0x0000000086100000, 0x0000000086200000|  0%| F|  |TAMS 0x0000000086100000, 0x0000000086100000| Untracked 
|  98|0x0000000086200000, 0x0000000086200000, 0x0000000086300000|  0%| F|  |TAMS 0x0000000086200000, 0x0000000086200000| Untracked 
|  99|0x0000000086300000, 0x0000000086300000, 0x0000000086400000|  0%| F|  |TAMS 0x0000000086300000, 0x0000000086300000| Untracked 
| 100|0x0000000086400000, 0x0000000086400000, 0x0000000086500000|  0%| F|  |TAMS 0x0000000086400000, 0x0000000086400000| Untracked 
| 101|0x0000000086500000, 0x0000000086500000, 0x0000000086600000|  0%| F|  |TAMS 0x0000000086500000, 0x0000000086500000| Untracked 
| 102|0x0000000086600000, 0x0000000086600000, 0x0000000086700000|  0%| F|  |TAMS 0x0000000086600000, 0x0000000086600000| Untracked 
| 103|0x0000000086700000, 0x0000000086700000, 0x0000000086800000|  0%| F|  |TAMS 0x0000000086700000, 0x0000000086700000| Untracked 
| 104|0x0000000086800000, 0x0000000086800000, 0x0000000086900000|  0%| F|  |TAMS 0x0000000086800000, 0x0000000086800000| Untracked 
| 105|0x0000000086900000, 0x0000000086900000, 0x0000000086a00000|  0%| F|  |TAMS 0x0000000086900000, 0x0000000086900000| Untracked 
| 106|0x0000000086a00000, 0x0000000086a00000, 0x0000000086b00000|  0%| F|  |TAMS 0x0000000086a00000, 0x0000000086a00000| Untracked 
| 107|0x0000000086b00000, 0x0000000086b00000, 0x0000000086c00000|  0%| F|  |TAMS 0x0000000086b00000, 0x0000000086b00000| Untracked 
| 108|0x0000000086c00000, 0x0000000086c00000, 0x0000000086d00000|  0%| F|  |TAMS 0x0000000086c00000, 0x0000000086c00000| Untracked 
| 109|0x0000000086d00000, 0x0000000086d00000, 0x0000000086e00000|  0%| F|  |TAMS 0x0000000086d00000, 0x0000000086d00000| Untracked 
| 110|0x0000000086e00000, 0x0000000086e00000, 0x0000000086f00000|  0%| F|  |TAMS 0x0000000086e00000, 0x0000000086e00000| Untracked 
| 111|0x0000000086f00000, 0x0000000086f00000, 0x0000000087000000|  0%| F|  |TAMS 0x0000000086f00000, 0x0000000086f00000| Untracked 
| 112|0x0000000087000000, 0x0000000087000000, 0x0000000087100000|  0%| F|  |TAMS 0x0000000087000000, 0x0000000087000000| Untracked 
| 113|0x0000000087100000, 0x0000000087100000, 0x0000000087200000|  0%| F|  |TAMS 0x0000000087100000, 0x0000000087100000| Untracked 
| 114|0x0000000087200000, 0x0000000087200000, 0x0000000087300000|  0%| F|  |TAMS 0x0000000087200000, 0x0000000087200000| Untracked 
| 115|0x0000000087300000, 0x0000000087300000, 0x0000000087400000|  0%| F|  |TAMS 0x0000000087300000, 0x0000000087300000| Untracked 
| 116|0x0000000087400000, 0x0000000087400000, 0x0000000087500000|  0%| F|  |TAMS 0x0000000087400000, 0x0000000087400000| Untracked 
| 117|0x0000000087500000, 0x0000000087500000, 0x0000000087600000|  0%| F|  |TAMS 0x0000000087500000, 0x0000000087500000| Untracked 
| 118|0x0000000087600000, 0x0000000087600000, 0x0000000087700000|  0%| F|  |TAMS 0x0000000087600000, 0x0000000087600000| Untracked 
| 119|0x0000000087700000, 0x0000000087700000, 0x0000000087800000|  0%| F|  |TAMS 0x0000000087700000, 0x0000000087700000| Untracked 
| 120|0x0000000087800000, 0x0000000087800000, 0x0000000087900000|  0%| F|  |TAMS 0x0000000087800000, 0x0000000087800000| Untracked 
| 121|0x0000000087900000, 0x0000000087900000, 0x0000000087a00000|  0%| F|  |TAMS 0x0000000087900000, 0x0000000087900000| Untracked 
| 122|0x0000000087a00000, 0x0000000087a00000, 0x0000000087b00000|  0%| F|  |TAMS 0x0000000087a00000, 0x0000000087a00000| Untracked 
| 123|0x0000000087b00000, 0x0000000087b00000, 0x0000000087c00000|  0%| F|  |TAMS 0x0000000087b00000, 0x0000000087b00000| Untracked 
| 124|0x0000000087c00000, 0x0000000087c00000, 0x0000000087d00000|  0%| F|  |TAMS 0x0000000087c00000, 0x0000000087c00000| Untracked 
| 125|0x0000000087d00000, 0x0000000087d00000, 0x0000000087e00000|  0%| F|  |TAMS 0x0000000087d00000, 0x0000000087d00000| Untracked 
| 126|0x0000000087e00000, 0x0000000087e00000, 0x0000000087f00000|  0%| F|  |TAMS 0x0000000087e00000, 0x0000000087e00000| Untracked 
| 127|0x0000000087f00000, 0x0000000087f00000, 0x0000000088000000|  0%| F|  |TAMS 0x0000000087f00000, 0x0000000087f00000| Untracked 
| 128|0x0000000088000000, 0x0000000088000000, 0x0000000088100000|  0%| F|  |TAMS 0x0000000088000000, 0x0000000088000000| Untracked 
| 129|0x0000000088100000, 0x0000000088100000, 0x0000000088200000|  0%| F|  |TAMS 0x0000000088100000, 0x0000000088100000| Untracked 
| 130|0x0000000088200000, 0x0000000088200000, 0x0000000088300000|  0%| F|  |TAMS 0x0000000088200000, 0x0000000088200000| Untracked 
| 131|0x0000000088300000, 0x0000000088300000, 0x0000000088400000|  0%| F|  |TAMS 0x0000000088300000, 0x0000000088300000| Untracked 
| 132|0x0000000088400000, 0x0000000088400000, 0x0000000088500000|  0%| F|  |TAMS 0x0000000088400000, 0x0000000088400000| Untracked 
| 133|0x0000000088500000, 0x0000000088500000, 0x0000000088600000|  0%| F|  |TAMS 0x0000000088500000, 0x0000000088500000| Untracked 
| 134|0x0000000088600000, 0x0000000088600000, 0x0000000088700000|  0%| F|  |TAMS 0x0000000088600000, 0x0000000088600000| Untracked 
| 135|0x0000000088700000, 0x0000000088700000, 0x0000000088800000|  0%| F|  |TAMS 0x0000000088700000, 0x0000000088700000| Untracked 
| 136|0x0000000088800000, 0x0000000088800000, 0x0000000088900000|  0%| F|  |TAMS 0x0000000088800000, 0x0000000088800000| Untracked 
| 137|0x0000000088900000, 0x0000000088900000, 0x0000000088a00000|  0%| F|  |TAMS 0x0000000088900000, 0x0000000088900000| Untracked 
| 138|0x0000000088a00000, 0x0000000088a00000, 0x0000000088b00000|  0%| F|  |TAMS 0x0000000088a00000, 0x0000000088a00000| Untracked 
| 139|0x0000000088b00000, 0x0000000088b00000, 0x0000000088c00000|  0%| F|  |TAMS 0x0000000088b00000, 0x0000000088b00000| Untracked 
| 140|0x0000000088c00000, 0x0000000088c00000, 0x0000000088d00000|  0%| F|  |TAMS 0x0000000088c00000, 0x0000000088c00000| Untracked 
| 141|0x0000000088d00000, 0x0000000088e00000, 0x0000000088e00000|100%| S|CS|TAMS 0x0000000088d00000, 0x0000000088d00000| Complete 
| 142|0x0000000088e00000, 0x0000000088e00000, 0x0000000088f00000|  0%| F|  |TAMS 0x0000000088e00000, 0x0000000088e00000| Untracked 
| 143|0x0000000088f00000, 0x0000000088f00000, 0x0000000089000000|  0%| F|  |TAMS 0x0000000088f00000, 0x0000000088f00000| Untracked 
| 144|0x0000000089000000, 0x0000000089000000, 0x0000000089100000|  0%| F|  |TAMS 0x0000000089000000, 0x0000000089000000| Untracked 
| 145|0x0000000089100000, 0x0000000089100000, 0x0000000089200000|  0%| F|  |TAMS 0x0000000089100000, 0x0000000089100000| Untracked 
| 146|0x0000000089200000, 0x0000000089200000, 0x0000000089300000|  0%| F|  |TAMS 0x0000000089200000, 0x0000000089200000| Untracked 
| 147|0x0000000089300000, 0x0000000089300000, 0x0000000089400000|  0%| F|  |TAMS 0x0000000089300000, 0x0000000089300000| Untracked 
| 148|0x0000000089400000, 0x0000000089400000, 0x0000000089500000|  0%| F|  |TAMS 0x0000000089400000, 0x0000000089400000| Untracked 
| 149|0x0000000089500000, 0x0000000089500000, 0x0000000089600000|  0%| F|  |TAMS 0x0000000089500000, 0x0000000089500000| Untracked 
| 150|0x0000000089600000, 0x0000000089600000, 0x0000000089700000|  0%| F|  |TAMS 0x0000000089600000, 0x0000000089600000| Untracked 
| 151|0x0000000089700000, 0x0000000089700000, 0x0000000089800000|  0%| F|  |TAMS 0x0000000089700000, 0x0000000089700000| Untracked 
| 152|0x0000000089800000, 0x0000000089800000, 0x0000000089900000|  0%| F|  |TAMS 0x0000000089800000, 0x0000000089800000| Untracked 
| 153|0x0000000089900000, 0x0000000089900000, 0x0000000089a00000|  0%| F|  |TAMS 0x0000000089900000, 0x0000000089900000| Untracked 

Card table byte_map: [0x00000255fd470000,0x00000255fd870000] _byte_map_base: 0x00000255fd070000

Marking Bits (Prev, Next): (CMBitMap*) 0x00000255fc56ecd8, (CMBitMap*) 0x00000255fc56ed10
 Prev Bits: [0x00000255fdc70000, 0x00000255ffc70000)
 Next Bits: [0x0000025592a30000, 0x0000025594a30000)

Polling page: 0x00000255fac40000

Metaspace:

Usage:
  Non-class:     50.62 MB capacity,    49.81 MB ( 98%) used,   680.98 KB (  1%) free+waste,   153.06 KB ( <1%) overhead. 
      Class:      7.85 MB capacity,     7.28 MB ( 93%) used,   510.20 KB (  6%) free+waste,    72.50 KB ( <1%) overhead. 
       Both:     58.47 MB capacity,    57.09 MB ( 98%) used,     1.16 MB (  2%) free+waste,   225.56 KB ( <1%) overhead. 

Virtual space:
  Non-class space:       52.00 MB reserved,      50.67 MB ( 97%) committed 
      Class space:        1.00 GB reserved,       7.88 MB ( <1%) committed 
             Both:        1.05 GB reserved,      58.54 MB (  5%) committed 

Chunk freelists:
   Non-Class:  2.00 KB
       Class:  29.00 KB
        Both:  31.00 KB

MaxMetaspaceSize: 17179869184.00 GB
CompressedClassSpaceSize: 1.00 GB
Initial GC threshold: 20.80 MB
Current GC threshold: 58.54 MB
CDS: off

CodeHeap 'non-profiled nmethods': size=120000Kb used=3188Kb max_used=3188Kb free=116811Kb
 bounds [0x000002558b500000, 0x000002558b820000, 0x0000025592a30000]
CodeHeap 'profiled nmethods': size=120000Kb used=12475Kb max_used=12475Kb free=107524Kb
 bounds [0x0000025583fd0000, 0x0000025584c00000, 0x000002558b500000]
CodeHeap 'non-nmethods': size=5760Kb used=2319Kb max_used=2351Kb free=3440Kb
 bounds [0x0000025583a30000, 0x0000025583ca0000, 0x0000025583fd0000]
 total_blobs=6715 nmethods=5894 adapters=733
 compilation: enabled
              stopped_count=0, restarted_count=0
 full_count=0

Compilation events (20 events):
Event: 17.200 Thread 0x0000025597287000 5908       1       org.gradle.api.internal.DefaultDomainObjectCollection::getStore (5 bytes)
Event: 17.200 Thread 0x0000025597287000 nmethod 5908 0x000002558b81cd90 code [0x000002558b81cf40, 0x000002558b81cff8]
Event: 17.201 Thread 0x0000025597287000 5910 %     3       org.gradle.internal.instantiation.generator.AbstractClassGenerator::inspectType @ 517 (560 bytes)
Event: 17.205 Thread 0x0000025597287000 nmethod 5910% 0x0000025584be6190 code [0x0000025584be69a0, 0x0000025584bebd68]
Event: 17.205 Thread 0x0000025597287000 5911       3       org.objectweb.asm.Frame::getInitializedType (153 bytes)
Event: 17.206 Thread 0x0000025597287000 nmethod 5911 0x0000025584bed690 code [0x0000025584bed8a0, 0x0000025584beddd8]
Event: 17.206 Thread 0x0000025597287000 5912       3       java.util.Arrays::sort (37 bytes)
Event: 17.206 Thread 0x0000025597287000 nmethod 5912 0x0000025584bee090 code [0x0000025584bee260, 0x0000025584bee4d8]
Event: 17.208 Thread 0x0000025597287000 5913       3       sun.invoke.util.VerifyAccess$1::<init> (15 bytes)
Event: 17.208 Thread 0x0000025597287000 nmethod 5913 0x0000025584bee610 code [0x0000025584bee7c0, 0x0000025584bee9d8]
Event: 17.208 Thread 0x0000025597287000 5914       3       sun.invoke.util.VerifyAccess$1::run (5 bytes)
Event: 17.208 Thread 0x0000025597287000 nmethod 5914 0x0000025584beea90 code [0x0000025584beec60, 0x0000025584beee48]
Event: 17.212 Thread 0x0000025597287000 5915 %     3       org.gradle.internal.instantiation.generator.AbstractClassGenerator::inspectType @ 207 (560 bytes)
Event: 17.224 Thread 0x0000025597287000 nmethod 5915% 0x0000025584beef10 code [0x0000025584bef720, 0x0000025584bf4c48]
Event: 17.227 Thread 0x0000025597287000 5916       3       org.gradle.cache.Cache::get (14 bytes)
Event: 17.228 Thread 0x0000025597287000 nmethod 5916 0x0000025584bf6690 code [0x0000025584bf68a0, 0x0000025584bf6f08]
Event: 17.229 Thread 0x0000025597287000 5917       3       org.gradle.cache.Cache$$Lambda$69/0x00000001001b8040::get$Lambda (9 bytes)
Event: 17.229 Thread 0x0000025597287000 nmethod 5917 0x0000025584bf7110 code [0x0000025584bf72e0, 0x0000025584bf7538]
Event: 17.229 Thread 0x0000025597287000 5918       3       org.gradle.cache.Cache$$Lambda$69/0x00000001001b8040::<init> (10 bytes)
Event: 17.229 Thread 0x0000025597287000 nmethod 5918 0x0000025584bf7610 code [0x0000025584bf77c0, 0x0000025584bf7978]

GC Heap History (20 events):
Event: 1.934 GC heap before
{Heap before GC invocations=1 (full 0):
 garbage-first heap   total 131072K, used 28644K [0x0000000080000000, 0x0000000100000000)
  region size 1024K, 22 young (22528K), 3 survivors (3072K)
 Metaspace       used 11185K, capacity 11382K, committed 11520K, reserved 1058816K
  class space    used 1173K, capacity 1246K, committed 1280K, reserved 1048576K
}
Event: 1.939 GC heap after
{Heap after GC invocations=2 (full 0):
 garbage-first heap   total 131072K, used 9937K [0x0000000080000000, 0x0000000100000000)
  region size 1024K, 1 young (1024K), 1 survivors (1024K)
 Metaspace       used 11185K, capacity 11382K, committed 11520K, reserved 1058816K
  class space    used 1173K, capacity 1246K, committed 1280K, reserved 1048576K
}
Event: 3.528 GC heap before
{Heap before GC invocations=2 (full 0):
 garbage-first heap   total 131072K, used 54993K [0x0000000080000000, 0x0000000100000000)
  region size 1024K, 45 young (46080K), 1 survivors (1024K)
 Metaspace       used 16507K, capacity 16878K, committed 16896K, reserved 1064960K
  class space    used 1903K, capacity 2036K, committed 2048K, reserved 1048576K
}
Event: 3.533 GC heap after
{Heap after GC invocations=3 (full 0):
 garbage-first heap   total 131072K, used 15683K [0x0000000080000000, 0x0000000100000000)
  region size 1024K, 6 young (6144K), 6 survivors (6144K)
 Metaspace       used 16507K, capacity 16878K, committed 16896K, reserved 1064960K
  class space    used 1903K, capacity 2036K, committed 2048K, reserved 1048576K
}
Event: 5.007 GC heap before
{Heap before GC invocations=3 (full 0):
 garbage-first heap   total 131072K, used 53571K [0x0000000080000000, 0x0000000100000000)
  region size 1024K, 44 young (45056K), 6 survivors (6144K)
 Metaspace       used 20758K, capacity 21140K, committed 21248K, reserved 1067008K
  class space    used 2554K, capacity 2713K, committed 2816K, reserved 1048576K
}
Event: 5.016 GC heap after
{Heap after GC invocations=4 (full 0):
 garbage-first heap   total 131072K, used 17180K [0x0000000080000000, 0x0000000100000000)
  region size 1024K, 2 young (2048K), 2 survivors (2048K)
 Metaspace       used 20758K, capacity 21140K, committed 21248K, reserved 1067008K
  class space    used 2554K, capacity 2713K, committed 2816K, reserved 1048576K
}
Event: 6.901 GC heap before
{Heap before GC invocations=5 (full 0):
 garbage-first heap   total 131072K, used 68380K [0x0000000080000000, 0x0000000100000000)
  region size 1024K, 52 young (53248K), 2 survivors (2048K)
 Metaspace       used 26151K, capacity 26689K, committed 27008K, reserved 1073152K
  class space    used 3394K, capacity 3589K, committed 3712K, reserved 1048576K
}
Event: 6.914 GC heap after
{Heap after GC invocations=6 (full 0):
 garbage-first heap   total 131072K, used 18992K [0x0000000080000000, 0x0000000100000000)
  region size 1024K, 4 young (4096K), 4 survivors (4096K)
 Metaspace       used 26151K, capacity 26689K, committed 27008K, reserved 1073152K
  class space    used 3394K, capacity 3589K, committed 3712K, reserved 1048576K
}
Event: 8.034 GC heap before
{Heap before GC invocations=6 (full 0):
 garbage-first heap   total 131072K, used 76336K [0x0000000080000000, 0x0000000100000000)
  region size 1024K, 60 young (61440K), 4 survivors (4096K)
 Metaspace       used 32196K, capacity 32980K, committed 33024K, reserved 1077248K
  class space    used 4300K, capacity 4608K, committed 4608K, reserved 1048576K
}
Event: 8.052 GC heap after
{Heap after GC invocations=7 (full 0):
 garbage-first heap   total 131072K, used 21498K [0x0000000080000000, 0x0000000100000000)
  region size 1024K, 6 young (6144K), 6 survivors (6144K)
 Metaspace       used 32196K, capacity 32980K, committed 33024K, reserved 1077248K
  class space    used 4300K, capacity 4608K, committed 4608K, reserved 1048576K
}
Event: 8.229 GC heap before
{Heap before GC invocations=7 (full 0):
 garbage-first heap   total 131072K, used 25594K [0x0000000080000000, 0x0000000100000000)
  region size 1024K, 11 young (11264K), 6 survivors (6144K)
 Metaspace       used 34939K, capacity 35782K, committed 35840K, reserved 1081344K
  class space    used 4534K, capacity 4839K, committed 4864K, reserved 1048576K
}
Event: 8.249 GC heap after
{Heap after GC invocations=8 (full 0):
 garbage-first heap   total 131072K, used 22631K [0x0000000080000000, 0x0000000100000000)
  region size 1024K, 6 young (6144K), 6 survivors (6144K)
 Metaspace       used 34939K, capacity 35782K, committed 35840K, reserved 1081344K
  class space    used 4534K, capacity 4839K, committed 4864K, reserved 1048576K
}
Event: 9.955 GC heap before
{Heap before GC invocations=9 (full 0):
 garbage-first heap   total 131072K, used 78951K [0x0000000080000000, 0x0000000100000000)
  region size 1024K, 59 young (60416K), 6 survivors (6144K)
 Metaspace       used 39327K, capacity 40210K, committed 40448K, reserved 1085440K
  class space    used 5024K, capacity 5353K, committed 5376K, reserved 1048576K
}
Event: 9.981 GC heap after
{Heap after GC invocations=10 (full 0):
 garbage-first heap   total 157696K, used 27116K [0x0000000080000000, 0x0000000100000000)
  region size 1024K, 8 young (8192K), 8 survivors (8192K)
 Metaspace       used 39327K, capacity 40210K, committed 40448K, reserved 1085440K
  class space    used 5024K, capacity 5353K, committed 5376K, reserved 1048576K
}
Event: 12.321 GC heap before
{Heap before GC invocations=10 (full 0):
 garbage-first heap   total 157696K, used 96748K [0x0000000080000000, 0x0000000100000000)
  region size 1024K, 75 young (76800K), 8 survivors (8192K)
 Metaspace       used 45288K, capacity 46337K, committed 46464K, reserved 1089536K
  class space    used 5832K, capacity 6234K, committed 6272K, reserved 1048576K
}
Event: 12.346 GC heap after
{Heap after GC invocations=11 (full 0):
 garbage-first heap   total 157696K, used 29531K [0x0000000080000000, 0x0000000100000000)
  region size 1024K, 8 young (8192K), 8 survivors (8192K)
 Metaspace       used 45288K, capacity 46337K, committed 46464K, reserved 1089536K
  class space    used 5832K, capacity 6234K, committed 6272K, reserved 1048576K
}
Event: 15.360 GC heap before
{Heap before GC invocations=11 (full 0):
 garbage-first heap   total 157696K, used 109403K [0x0000000080000000, 0x0000000100000000)
  region size 1024K, 81 young (82944K), 8 survivors (8192K)
 Metaspace       used 48490K, capacity 49665K, committed 49920K, reserved 1093632K
  class space    used 6206K, capacity 6633K, committed 6656K, reserved 1048576K
}
Event: 15.383 GC heap after
{Heap after GC invocations=12 (full 0):
 garbage-first heap   total 157696K, used 43843K [0x0000000080000000, 0x0000000100000000)
  region size 1024K, 11 young (11264K), 11 survivors (11264K)
 Metaspace       used 48490K, capacity 49665K, committed 49920K, reserved 1093632K
  class space    used 6206K, capacity 6633K, committed 6656K, reserved 1048576K
}
Event: 16.950 GC heap before
{Heap before GC invocations=12 (full 0):
 garbage-first heap   total 157696K, used 113475K [0x0000000080000000, 0x0000000100000000)
  region size 1024K, 77 young (78848K), 11 survivors (11264K)
 Metaspace       used 56989K, capacity 58285K, committed 58496K, reserved 1099776K
  class space    used 7246K, capacity 7743K, committed 7808K, reserved 1048576K
}
Event: 16.968 GC heap after
{Heap after GC invocations=13 (full 0):
 garbage-first heap   total 157696K, used 50924K [0x0000000080000000, 0x0000000100000000)
  region size 1024K, 6 young (6144K), 6 survivors (6144K)
 Metaspace       used 56989K, capacity 58285K, committed 58496K, reserved 1099776K
  class space    used 7246K, capacity 7743K, committed 7808K, reserved 1048576K
}

Deoptimization events (20 events):
Event: 16.522 Thread 0x0000025597d2b800 DEOPT PACKING pc=0x0000025584239717 sp=0x000000b6748f62a0
Event: 16.522 Thread 0x0000025597d2b800 DEOPT UNPACKING pc=0x0000025583a7a95e sp=0x000000b6748f5828 mode 0
Event: 16.525 Thread 0x0000025597d2b800 DEOPT PACKING pc=0x0000025584239717 sp=0x000000b6748f62a0
Event: 16.525 Thread 0x0000025597d2b800 DEOPT UNPACKING pc=0x0000025583a7a95e sp=0x000000b6748f5828 mode 0
Event: 16.527 Thread 0x0000025597d2b800 DEOPT PACKING pc=0x0000025584239717 sp=0x000000b6748f62a0
Event: 16.527 Thread 0x0000025597d2b800 DEOPT UNPACKING pc=0x0000025583a7a95e sp=0x000000b6748f5828 mode 0
Event: 16.529 Thread 0x0000025597d2b800 DEOPT PACKING pc=0x0000025584239717 sp=0x000000b6748f62a0
Event: 16.529 Thread 0x0000025597d2b800 DEOPT UNPACKING pc=0x0000025583a7a95e sp=0x000000b6748f5828 mode 0
Event: 16.532 Thread 0x0000025597d2b800 DEOPT PACKING pc=0x0000025584239717 sp=0x000000b6748f61b0
Event: 16.532 Thread 0x0000025597d2b800 DEOPT UNPACKING pc=0x0000025583a7a95e sp=0x000000b6748f5738 mode 0
Event: 16.533 Thread 0x0000025597d2b800 DEOPT PACKING pc=0x0000025584239717 sp=0x000000b6748f6400
Event: 16.533 Thread 0x0000025597d2b800 DEOPT UNPACKING pc=0x0000025583a7a95e sp=0x000000b6748f5988 mode 0
Event: 16.535 Thread 0x0000025597d2b800 DEOPT PACKING pc=0x0000025584239717 sp=0x000000b6748f61b0
Event: 16.535 Thread 0x0000025597d2b800 DEOPT UNPACKING pc=0x0000025583a7a95e sp=0x000000b6748f5738 mode 0
Event: 16.536 Thread 0x0000025597d2b800 DEOPT PACKING pc=0x0000025584239717 sp=0x000000b6748f61b0
Event: 16.536 Thread 0x0000025597d2b800 DEOPT UNPACKING pc=0x0000025583a7a95e sp=0x000000b6748f5738 mode 0
Event: 16.969 Thread 0x0000025597d2d000 Uncommon trap: trap_request=0xffffffde fr.pc=0x000002558b6490ec relative=0x000000000000052c
Event: 16.969 Thread 0x0000025597d2d000 Uncommon trap: reason=class_check action=maybe_recompile pc=0x000002558b6490ec method=jdk.internal.ref.PhantomCleanable.clean()V @ 12 c2
Event: 16.969 Thread 0x0000025597d2d000 DEOPT PACKING pc=0x000002558b6490ec sp=0x000000b6739ff190
Event: 16.969 Thread 0x0000025597d2d000 DEOPT UNPACKING pc=0x0000025583a7a1af sp=0x000000b6739ff170 mode 2

Classes redefined (0 events):
No events

Internal exceptions (20 events):
Event: 15.690 Thread 0x0000025597d2b800 Exception <a 'java/lang/NoSuchMethodError'{0x0000000088f8c958}: 'long java.lang.invoke.DirectMethodHandle$Holder.invokeVirtual(java.lang.Object, java.lang.Object)'> (0x0000000088f8c958) thrown at [./src/hotspot/share/interpreter/linkResolver.cpp, line 773]
Event: 15.697 Thread 0x000002559abea800 Exception <a 'java/lang/NoSuchMethodError'{0x0000000088e03780}: <clinit>> (0x0000000088e03780) thrown at [./src/hotspot/share/prims/jni.cpp, line 1365]
Event: 15.701 Thread 0x000002559abea800 Exception <a 'java/lang/NoSuchMethodError'{0x0000000088e21a70}: <clinit>> (0x0000000088e21a70) thrown at [./src/hotspot/share/prims/jni.cpp, line 1365]
Event: 15.702 Thread 0x000002559abea800 Exception <a 'java/lang/NoSuchMethodError'{0x0000000088e22b80}: <clinit>> (0x0000000088e22b80) thrown at [./src/hotspot/share/prims/jni.cpp, line 1365]
Event: 15.702 Thread 0x000002559abea800 Exception <a 'java/lang/NoSuchMethodError'{0x0000000088e23e88}: <clinit>> (0x0000000088e23e88) thrown at [./src/hotspot/share/prims/jni.cpp, line 1365]
Event: 15.702 Thread 0x000002559abea800 Exception <a 'java/lang/NoSuchMethodError'{0x0000000088e24ea8}: <clinit>> (0x0000000088e24ea8) thrown at [./src/hotspot/share/prims/jni.cpp, line 1365]
Event: 15.703 Thread 0x000002559abea800 Exception <a 'java/lang/NoSuchMethodError'{0x0000000088e37a70}: <clinit>> (0x0000000088e37a70) thrown at [./src/hotspot/share/prims/jni.cpp, line 1365]
Event: 15.704 Thread 0x000002559abea800 Exception <a 'java/lang/NoSuchMethodError'{0x0000000088e42288}: <clinit>> (0x0000000088e42288) thrown at [./src/hotspot/share/prims/jni.cpp, line 1365]
Event: 15.706 Thread 0x000002559abea800 Exception <a 'java/lang/NoSuchMethodError'{0x0000000088e56338}: <clinit>> (0x0000000088e56338) thrown at [./src/hotspot/share/prims/jni.cpp, line 1365]
Event: 15.735 Thread 0x0000025597d2b800 Exception <a 'java/lang/ClassNotFoundException'{0x0000000088eee8f0}: build_dz4z5ey5vqq5ec488g1d89ulpBeanInfo> (0x0000000088eee8f0) thrown at [./src/hotspot/share/classfile/systemDictionary.cpp, line 231]
Event: 15.736 Thread 0x0000025597d2b800 Exception <a 'java/lang/ClassNotFoundException'{0x0000000088ef98a8}: build_dz4z5ey5vqq5ec488g1d89ulpCustomizer> (0x0000000088ef98a8) thrown at [./src/hotspot/share/classfile/systemDictionary.cpp, line 231]
Event: 15.792 Thread 0x0000025597d2b800 Exception <a 'java/lang/ClassNotFoundException'{0x0000000088ca5b88}: org/gradle/api/internal/plugins/DefaultObjectConfigurationActionBeanInfo> (0x0000000088ca5b88) thrown at [./src/hotspot/share/classfile/systemDictionary.cpp, line 231]
Event: 15.793 Thread 0x0000025597d2b800 Exception <a 'java/lang/ClassNotFoundException'{0x0000000088cdc2b0}: org/gradle/api/internal/plugins/DefaultObjectConfigurationActionCustomizer> (0x0000000088cdc2b0) thrown at [./src/hotspot/share/classfile/systemDictionary.cpp, line 231]
Event: 16.016 Thread 0x0000025597d2b800 Exception <a 'java/lang/NoSuchMethodError'{0x0000000088133508}: 'java.lang.Object java.lang.invoke.DirectMethodHandle$Holder.invokeStatic(java.lang.Object, java.lang.Object, java.lang.Object, java.lang.Object, int)'> (0x0000000088133508) thrown at [./src/hotspot/share/interpreter/linkResolver.cpp, line 773]
Event: 16.016 Thread 0x0000025597d2b800 Exception <a 'java/lang/NoSuchMethodError'{0x0000000088137f00}: 'java.lang.Object java.lang.invoke.DirectMethodHandle$Holder.invokeSpecial(java.lang.Object, java.lang.Object, java.lang.Object, java.lang.Object, java.lang.Object, int)'> (0x0000000088137f00) thrown at [./src/hotspot/share/interpreter/linkResolver.cpp, line 773]
Event: 16.016 Thread 0x0000025597d2b800 Exception <a 'java/lang/NoSuchMethodError'{0x000000008813c540}: 'java.lang.Object java.lang.invoke.Invokers$Holder.linkToTargetMethod(java.lang.Object, java.lang.Object, java.lang.Object, int, java.lang.Object)'> (0x000000008813c540) thrown at [./src/hotspot/share/interpreter/linkResolver.cpp, line 773]
Event: 16.345 Thread 0x0000025597d2b800 Exception <a 'java/lang/NoSuchMethodError'{0x00000000872d7ab8}: 'java.lang.Object java.lang.invoke.DirectMethodHandle$Holder.invokeSpecial(java.lang.Object, java.lang.Object, int, int, java.lang.Object, java.lang.Object, java.lang.Object)'> (0x00000000872d7ab8) thrown at [./src/hotspot/share/interpreter/linkResolver.cpp, line 773]
Event: 16.345 Thread 0x0000025597d2b800 Exception <a 'java/lang/NoSuchMethodError'{0x00000000872dc038}: 'java.lang.Object java.lang.invoke.DelegatingMethodHandle$Holder.reinvoke_L(java.lang.Object, int, int, java.lang.Object, java.lang.Object, java.lang.Object)'> (0x00000000872dc038) thrown at [./src/hotspot/share/interpreter/linkResolver.cpp, line 773]
Event: 16.658 Thread 0x0000025597d2b800 Exception <a 'java/lang/NoSuchMethodError'{0x00000000865d1920}: 'int java.lang.invoke.DirectMethodHandle$Holder.invokeInterface(java.lang.Object, java.lang.Object, java.lang.Object, java.lang.Object)'> (0x00000000865d1920) thrown at [./src/hotspot/share/interpreter/linkResolver.cpp, line 773]
Event: 17.082 Thread 0x0000025597d2b800 Exception <a 'java/lang/NoSuchMethodError'{0x00000000897fd720}: 'void java.lang.invoke.DirectMethodHandle$Holder.invokeInterface(java.lang.Object, java.lang.Object, java.lang.Object, java.lang.Object)'> (0x00000000897fd720) thrown at [./src/hotspot/share/interpreter/linkResolver.cpp, line 773]

Events (20 events):
Event: 17.218 loading class org/gradle/api/plugins/JavaPluginConvention
Event: 17.218 loading class org/gradle/api/plugins/JavaPluginConvention done
Event: 17.224 loading class org/gradle/api/Transformer
Event: 17.224 loading class org/gradle/api/Transformer done
Event: 17.225 loading class org/gradle/api/Transformer
Event: 17.225 loading class org/gradle/api/Transformer done
Event: 17.226 loading class org/gradle/api/Transformer
Event: 17.226 loading class org/gradle/api/Transformer done
Event: 17.228 loading class org/gradle/api/internal/provider/OrElseFixedValueProvider
Event: 17.228 loading class org/gradle/api/internal/provider/OrElseFixedValueProvider done
Event: 17.230 loading class net/rubygrapefruit/platform/internal/DefaultWindowsRegistry
Event: 17.230 loading class net/rubygrapefruit/platform/internal/DefaultWindowsRegistry done
Event: 17.232 loading class org/gradle/jvm/toolchain/internal/JavaInstallationRegistry
Event: 17.232 loading class org/gradle/jvm/toolchain/internal/JavaInstallationRegistry done
Event: 17.233 loading class org/gradle/internal/jvm/inspection/CachingJvmMetadataDetector
Event: 17.233 loading class org/gradle/internal/jvm/inspection/CachingJvmMetadataDetector done
Event: 17.234 loading class org/gradle/internal/jvm/inspection/DefaultJvmMetadataDetector
Event: 17.234 loading class org/gradle/internal/jvm/inspection/DefaultJvmMetadataDetector done
Event: 17.236 loading class org/gradle/internal/jvm/inspection/JvmInstallationMetadata
Event: 17.236 loading class org/gradle/internal/jvm/inspection/JvmInstallationMetadata done


Dynamic libraries:
0x00007ff643df0000 - 0x00007ff643dfa000 	C:\Program Files\Android\Android Studio\jre\bin\java.exe
0x00007ffc065d0000 - 0x00007ffc067c8000 	C:\WINDOWS\SYSTEM32\ntdll.dll
0x00007ffc06400000 - 0x00007ffc064bd000 	C:\WINDOWS\System32\KERNEL32.DLL
0x00007ffc03e90000 - 0x00007ffc04162000 	C:\WINDOWS\System32\KERNELBASE.dll
0x00007ffc03d90000 - 0x00007ffc03e90000 	C:\WINDOWS\System32\ucrtbase.dll
0x00007ffbd8dd0000 - 0x00007ffbd8de7000 	C:\Program Files\Android\Android Studio\jre\bin\VCRUNTIME140.dll
0x00007ffbd85b0000 - 0x00007ffbd85c9000 	C:\Program Files\Android\Android Studio\jre\bin\jli.dll
0x00007ffc05c10000 - 0x00007ffc05dad000 	C:\WINDOWS\System32\USER32.dll
0x00007ffc045d0000 - 0x00007ffc045f2000 	C:\WINDOWS\System32\win32u.dll
0x00007ffc064c0000 - 0x00007ffc064eb000 	C:\WINDOWS\System32\GDI32.dll
0x00007ffbef2a0000 - 0x00007ffbef53a000 	C:\WINDOWS\WinSxS\amd64_microsoft.windows.common-controls_6595b64144ccf1df_6.0.19041.1110_none_60b5254171f9507e\COMCTL32.dll
0x00007ffc04210000 - 0x00007ffc0431f000 	C:\WINDOWS\System32\gdi32full.dll
0x00007ffc064f0000 - 0x00007ffc0658e000 	C:\WINDOWS\System32\msvcrt.dll
0x00007ffc04170000 - 0x00007ffc0420d000 	C:\WINDOWS\System32\msvcp_win.dll
0x00007ffc04aa0000 - 0x00007ffc04ad0000 	C:\WINDOWS\System32\IMM32.DLL
0x00007ffbd06d0000 - 0x00007ffbd076d000 	C:\Program Files\Android\Android Studio\jre\bin\msvcp140.dll
0x00007ffbb6c60000 - 0x00007ffbb7745000 	C:\Program Files\Android\Android Studio\jre\bin\server\jvm.dll
0x00007ffc04ad0000 - 0x00007ffc04b7e000 	C:\WINDOWS\System32\ADVAPI32.dll
0x00007ffc06300000 - 0x00007ffc0639c000 	C:\WINDOWS\System32\sechost.dll
0x00007ffc05080000 - 0x00007ffc051a5000 	C:\WINDOWS\System32\RPCRT4.dll
0x00007ffc05db0000 - 0x00007ffc05db8000 	C:\WINDOWS\System32\PSAPI.DLL
0x00007ffbf1590000 - 0x00007ffbf1599000 	C:\WINDOWS\SYSTEM32\WSOCK32.dll
0x00007ffbfda00000 - 0x00007ffbfda0a000 	C:\WINDOWS\SYSTEM32\VERSION.dll
0x00007ffbee860000 - 0x00007ffbee887000 	C:\WINDOWS\SYSTEM32\WINMM.dll
0x00007ffc05ba0000 - 0x00007ffc05c0b000 	C:\WINDOWS\System32\WS2_32.dll
0x00007ffc02580000 - 0x00007ffc02592000 	C:\WINDOWS\SYSTEM32\kernel.appcore.dll
0x00007ffbea6e0000 - 0x00007ffbea6f1000 	C:\Program Files\Android\Android Studio\jre\bin\verify.dll
0x00007ffc01a90000 - 0x00007ffc01c74000 	C:\WINDOWS\SYSTEM32\DBGHELP.DLL
0x00007ffbf2550000 - 0x00007ffbf257c000 	C:\WINDOWS\SYSTEM32\dbgcore.DLL
0x00007ffc04480000 - 0x00007ffc04502000 	C:\WINDOWS\System32\bcryptPrimitives.dll
0x00007ffbd8df0000 - 0x00007ffbd8e19000 	C:\Program Files\Android\Android Studio\jre\bin\java.dll
0x00007ffbf0750000 - 0x00007ffbf075b000 	C:\Program Files\Android\Android Studio\jre\bin\jimage.dll
0x00007ffbea6a0000 - 0x00007ffbea6b8000 	C:\Program Files\Android\Android Studio\jre\bin\zip.dll
0x00007ffc051b0000 - 0x00007ffc058f3000 	C:\WINDOWS\System32\SHELL32.dll
0x00007ffc01d80000 - 0x00007ffc02511000 	C:\WINDOWS\SYSTEM32\windows.storage.dll
0x00007ffc04630000 - 0x00007ffc04984000 	C:\WINDOWS\System32\combase.dll
0x00007ffc03740000 - 0x00007ffc03770000 	C:\WINDOWS\SYSTEM32\Wldp.dll
0x00007ffc049f0000 - 0x00007ffc04a9d000 	C:\WINDOWS\System32\SHCORE.dll
0x00007ffc04990000 - 0x00007ffc049e5000 	C:\WINDOWS\System32\shlwapi.dll
0x00007ffc03c20000 - 0x00007ffc03c3f000 	C:\WINDOWS\SYSTEM32\profapi.dll
0x00007ffbe19b0000 - 0x00007ffbe19ca000 	C:\Program Files\Android\Android Studio\jre\bin\net.dll
0x00007ffbf4c60000 - 0x00007ffbf4d6d000 	C:\WINDOWS\SYSTEM32\WINHTTP.dll
0x00007ffc034a0000 - 0x00007ffc0350a000 	C:\WINDOWS\system32\mswsock.dll
0x00007ffbdda20000 - 0x00007ffbdda34000 	C:\Program Files\Android\Android Studio\jre\bin\nio.dll
0x00007ffbda0e0000 - 0x00007ffbda107000 	C:\Users\young\.gradle\native\e1d6ef7f7dcc3fd88c89a11ec53ec762bb8ba0a96d01ffa2cd45eb1d1d8dd5c5\windows-amd64\native-platform.dll
0x00007ffbc20d0000 - 0x00007ffbc2214000 	C:\Users\young\.gradle\native\5664cfc778a61ccfe75a443a1ab52a65af34e5dc3c78e0209fed803814484fcb\windows-amd64\native-platform-file-events.dll
0x00007ffbeedd0000 - 0x00007ffbeedda000 	C:\Program Files\Android\Android Studio\jre\bin\management.dll
0x00007ffbea770000 - 0x00007ffbea77d000 	C:\Program Files\Android\Android Studio\jre\bin\management_ext.dll
0x00007ffc03690000 - 0x00007ffc036a8000 	C:\WINDOWS\SYSTEM32\CRYPTSP.dll
0x00007ffc02d50000 - 0x00007ffc02d84000 	C:\WINDOWS\system32\rsaenh.dll
0x00007ffc04600000 - 0x00007ffc04627000 	C:\WINDOWS\System32\bcrypt.dll
0x00007ffc03ba0000 - 0x00007ffc03bce000 	C:\WINDOWS\SYSTEM32\USERENV.dll
0x00007ffc036b0000 - 0x00007ffc036bc000 	C:\WINDOWS\SYSTEM32\CRYPTBASE.dll
0x00007ffc03140000 - 0x00007ffc0317b000 	C:\WINDOWS\SYSTEM32\IPHLPAPI.DLL
0x00007ffc05070000 - 0x00007ffc05078000 	C:\WINDOWS\System32\NSI.dll
0x00007ffbfb700000 - 0x00007ffbfb717000 	C:\WINDOWS\SYSTEM32\dhcpcsvc6.DLL
0x00007ffbfb5d0000 - 0x00007ffbfb5ed000 	C:\WINDOWS\SYSTEM32\dhcpcsvc.DLL
0x00007ffc03180000 - 0x00007ffc0324a000 	C:\WINDOWS\SYSTEM32\DNSAPI.dll

dbghelp: loaded successfully - version: 4.0.5 - missing functions: none
symbol engine: initialized successfully - sym options: 0x614 - pdb path: .;C:\Program Files\Android\Android Studio\jre\bin;C:\WINDOWS\SYSTEM32;C:\WINDOWS\WinSxS\amd64_microsoft.windows.common-controls_6595b64144ccf1df_6.0.19041.1110_none_60b5254171f9507e;C:\Program Files\Android\Android Studio\jre\bin\server;C:\Users\young\.gradle\native\e1d6ef7f7dcc3fd88c89a11ec53ec762bb8ba0a96d01ffa2cd45eb1d1d8dd5c5\windows-amd64;C:\Users\young\.gradle\native\5664cfc778a61ccfe75a443a1ab52a65af34e5dc3c78e0209fed803814484fcb\windows-amd64

VM Arguments:
jvm_args: --add-opens=java.base/java.util=ALL-UNNAMED --add-opens=java.base/java.lang=ALL-UNNAMED --add-opens=java.base/java.lang.invoke=ALL-UNNAMED --add-opens=java.base/java.util=ALL-UNNAMED --add-opens=java.prefs/java.util.prefs=ALL-UNNAMED --add-opens=java.prefs/java.util.prefs=ALL-UNNAMED --add-opens=java.base/java.nio.charset=ALL-UNNAMED --add-opens=java.base/java.net=ALL-UNNAMED --add-opens=java.base/java.util.concurrent.atomic=ALL-UNNAMED -Xmx2048m -Dfile.encoding=UTF-8 -Duser.country=ZA -Duser.language=en -Duser.variant 
java_command: org.gradle.launcher.daemon.bootstrap.GradleDaemon 7.3.3
java_class_path (initial): C:\Users\young\.gradle\wrapper\dists\gradle-7.3.3-bin\6a41zxkdtcxs8rphpq6y0069z\gradle-7.3.3\lib\gradle-launcher-7.3.3.jar
Launcher Type: SUN_STANDARD

[Global flags]
     intx CICompilerCount                          = 4                                         {product} {ergonomic}
     uint ConcGCThreads                            = 2                                         {product} {ergonomic}
     uint G1ConcRefinementThreads                  = 8                                         {product} {ergonomic}
   size_t G1HeapRegionSize                         = 1048576                                   {product} {ergonomic}
    uintx GCDrainStackTargetSize                   = 64                                        {product} {ergonomic}
   size_t InitialHeapSize                          = 134217728                                 {product} {ergonomic}
   size_t MarkStackSize                            = 4194304                                   {product} {ergonomic}
   size_t MaxHeapSize                              = 2147483648                                {product} {command line}
   size_t MaxNewSize                               = 1287651328                                {product} {ergonomic}
   size_t MinHeapDeltaBytes                        = 1048576                                   {product} {ergonomic}
    uintx NonNMethodCodeHeapSize                   = 5836300                                {pd product} {ergonomic}
    uintx NonProfiledCodeHeapSize                  = 122910970                              {pd product} {ergonomic}
    uintx ProfiledCodeHeapSize                     = 122910970                              {pd product} {ergonomic}
    uintx ReservedCodeCacheSize                    = 251658240                              {pd product} {ergonomic}
     bool SegmentedCodeCache                       = true                                      {product} {ergonomic}
     bool UseCompressedClassPointers               = true                                 {lp64_product} {ergonomic}
     bool UseCompressedOops                        = true                                 {lp64_product} {ergonomic}
     bool UseG1GC                                  = true                                      {product} {ergonomic}
     bool UseLargePagesIndividualAllocation        = false                                  {pd product} {ergonomic}

Logging:
Log output configuration:
 #0: stdout all=warning uptime,level,tags
 #1: stderr all=off uptime,level,tags

Environment Variables:
PATH=C:\Program Files (x86)\Common Files\Oracle\Java\javapath;C:\Program Files (x86)\Intel\Intel(R) Management Engine Components\iCLS\;C:\Program Files\Intel\Intel(R) Management Engine Components\iCLS\;C:\WINDOWS\system32;C:\WINDOWS;C:\WINDOWS\System32\Wbem;C:\WINDOWS\System32\WindowsPowerShell\v1.0\;C:\WINDOWS\System32\OpenSSH\;C:\Program Files (x86)\Intel\Intel(R) Management Engine Components\DAL;C:\Program Files\Intel\Intel(R) Management Engine Components\DAL;C:\Program Files (x86)\Intel\Intel(R) Management Engine Components\IPT;C:\Program Files\Intel\Intel(R) Management Engine Components\IPT;C:\Program Files\Java\jdk-13.0.2\bin;C:\Program Files\nodejs\;C:\Users\young\AppData\Local\Microsoft\WindowsApps;C:\Users\young\AppData\Roaming\npm;C:\Users\young\AppData\Local\Programs\Microsoft VS Code\bin
USERNAME=young
OS=Windows_NT
PROCESSOR_IDENTIFIER=Intel64 Family 6 Model 142 Stepping 10, GenuineIntel



---------------  S Y S T E M  ---------------

OS: Windows 10 , 64 bit Build 19041 (10.0.19041.1889)
OS uptime: 7 days 0:21 hours

CPU:total 8 (initial active 8) (4 cores per cpu, 2 threads per core) family 6 model 142 stepping 10 microcode 0xb4, cmov, cx8, fxsr, mmx, sse, sse2, sse3, ssse3, sse4.1, sse4.2, popcnt, avx, avx2, aes, clmul, erms, 3dnowpref, lzcnt, ht, tsc, tscinvbit, bmi1, bmi2, adx, fma

Memory: 4k page, system-wide physical 8071M (594M free)
TotalPageFile size 32647M (AvailPageFile size 5M)
current process WorkingSet (physical memory assigned to process): 333M, peak: 333M
current process commit charge ("private bytes"): 390M, peak: 421M

vm_info: OpenJDK 64-Bit Server VM (11.0.12+7-b1504.28-7817840) for windows-amd64 JRE (11.0.12+7-b1504.28-7817840), built on Oct 13 2021 22:12:33 by "builder" with MS VC++ 14.0 (VS2015)

END.
